SF:lib/features/auth/widgets/google_sign_in_button.dart
DA:6,1
DA:8,1
DA:10,1
DA:13,1
DA:14,1
DA:15,1
DA:19,1
DA:20,1
DA:25,1
DA:27,1
DA:28,1
DA:34,1
DA:36,1
LF:13
LH:13
end_of_record
SF:lib/features/tasks/models/task.dart
DA:17,3
DA:31,1
DA:32,1
DA:33,1
DA:34,1
DA:35,1
DA:36,1
DA:37,1
DA:38,2
DA:39,2
DA:40,1
DA:41,1
DA:42,1
DA:43,1
DA:44,0
DA:46,1
DA:50,0
DA:51,0
DA:52,0
DA:53,0
DA:54,0
DA:55,0
DA:56,0
DA:57,0
DA:58,0
DA:59,0
DA:60,0
DA:61,0
DA:63,0
DA:67,0
DA:80,0
DA:81,0
DA:82,0
DA:83,0
DA:84,0
DA:85,0
DA:86,0
DA:87,0
DA:88,0
DA:89,0
DA:90,0
DA:91,0
DA:95,1
DA:96,1
DA:97,1
DA:98,1
DA:99,1
DA:100,1
DA:101,1
DA:102,1
DA:103,1
DA:104,1
DA:105,1
DA:106,1
DA:107,1
LF:55
LH:28
end_of_record
SF:lib/features/tasks/widgets/task_item.dart
DA:12,2
DA:21,2
DA:23,2
DA:25,2
DA:26,2
DA:28,2
DA:29,2
DA:30,2
DA:33,2
DA:34,5
DA:35,2
DA:36,2
DA:37,7
DA:41,4
DA:48,2
DA:49,2
DA:50,4
DA:51,2
DA:54,7
DA:55,4
DA:62,2
DA:64,2
DA:65,2
DA:66,2
DA:67,2
DA:68,2
DA:72,2
DA:73,2
DA:74,2
DA:77,2
DA:78,2
DA:79,2
DA:91,1
DA:92,1
DA:94,2
DA:95,2
DA:96,2
DA:97,1
DA:99,1
DA:101,1
DA:102,1
DA:103,0
DA:104,3
DA:106,1
DA:107,1
DA:108,1
DA:109,2
DA:111,3
DA:124,2
DA:130,2
DA:132,2
DA:133,2
DA:136,2
DA:137,6
DA:138,2
DA:140,2
DA:141,4
DA:143,6
DA:146,0
DA:147,0
DA:148,0
DA:149,0
DA:150,0
DA:151,0
DA:152,0
DA:157,0
DA:159,0
DA:160,0
DA:162,0
DA:163,0
DA:164,0
DA:166,0
DA:167,0
DA:169,0
DA:170,0
DA:175,0
DA:176,0
DA:179,0
DA:181,0
DA:182,0
DA:183,0
DA:184,0
DA:185,0
DA:187,0
DA:188,0
DA:189,0
DA:190,0
DA:192,0
DA:193,0
DA:196,0
DA:197,0
DA:199,0
DA:202,0
DA:203,0
DA:204,0
DA:206,0
DA:207,0
DA:208,0
DA:213,0
DA:214,0
DA:215,0
DA:216,0
DA:217,0
DA:218,0
DA:219,0
DA:220,0
DA:221,0
DA:222,0
DA:224,0
DA:225,0
DA:227,0
LF:111
LH:57
end_of_record
SF:lib/features/thoughts/widgets/user_thought.dart
DA:8,1
DA:14,1
DA:15,1
DA:17,4
DA:18,4
DA:19,2
DA:21,1
DA:22,3
DA:23,1
DA:24,2
DA:25,1
DA:28,1
DA:30,0
DA:32,0
DA:42,0
DA:58,0
DA:60,1
DA:63,1
DA:65,1
DA:67,1
DA:69,1
DA:71,1
DA:73,1
DA:74,2
DA:75,1
DA:78,1
DA:84,1
DA:87,1
DA:88,1
DA:89,1
DA:90,1
DA:95,1
DA:96,1
DA:97,1
DA:107,1
DA:111,1
DA:112,1
DA:113,1
LF:38
LH:34
end_of_record
SF:lib/features/auth/cubit/auth_cubit.dart
DA:12,4
DA:16,3
DA:17,0
DA:18,0
DA:19,2
DA:20,4
DA:23,2
DA:25,2
DA:27,2
DA:30,2
DA:35,0
DA:37,0
DA:39,0
DA:41,0
DA:45,0
DA:46,0
DA:47,0
DA:48,0
DA:51,0
DA:53,0
DA:57,0
DA:59,0
DA:60,0
DA:61,0
DA:62,0
DA:65,0
DA:69,0
DA:71,0
DA:72,0
DA:73,0
DA:75,0
DA:77,0
DA:78,0
DA:80,0
DA:81,0
DA:85,0
DA:89,0
DA:91,0
DA:92,0
DA:93,0
DA:95,0
DA:97,0
DA:98,0
DA:100,0
DA:101,0
DA:105,0
DA:109,0
DA:111,0
DA:112,0
DA:114,0
DA:118,0
DA:120,0
DA:121,0
DA:123,0
DA:127,0
DA:128,0
DA:131,0
DA:132,0
LF:58
LH:8
end_of_record
SF:lib/features/auth/pages/login_page.dart
DA:10,1
DA:12,0
DA:14,0
DA:15,0
DA:16,0
DA:18,0
DA:19,0
DA:21,0
DA:24,0
DA:25,0
DA:26,0
DA:27,0
DA:28,0
DA:29,0
DA:33,0
DA:34,0
DA:36,0
DA:38,0
DA:41,0
DA:48,0
DA:49,0
DA:51,0
DA:53,0
DA:54,0
DA:55,0
DA:59,0
LF:26
LH:1
end_of_record
SF:lib/features/auth/pages/pin_auth_page.dart
DA:9,1
DA:11,0
DA:12,0
DA:19,0
DA:21,0
DA:22,0
DA:23,0
DA:27,0
DA:29,0
DA:30,0
DA:31,0
DA:34,0
DA:36,0
DA:39,0
DA:42,0
DA:44,0
DA:45,0
DA:46,0
DA:47,0
DA:54,0
DA:55,0
DA:56,0
DA:57,0
DA:58,0
DA:65,0
DA:66,0
DA:67,0
DA:68,0
DA:69,0
DA:76,0
DA:77,0
DA:78,0
DA:79,0
DA:80,0
DA:87,0
DA:89,0
DA:90,0
DA:91,0
DA:92,0
DA:93,0
DA:94,0
DA:95,0
DA:97,0
DA:98,0
DA:102,0
DA:105,0
DA:106,0
DA:107,0
DA:108,0
DA:110,0
DA:112,0
DA:113,0
DA:115,0
DA:118,0
DA:119,0
DA:123,0
DA:125,0
DA:128,0
DA:132,0
DA:133,0
DA:134,0
DA:143,0
DA:146,0
DA:147,0
DA:148,0
DA:151,0
DA:152,0
DA:153,0
DA:157,0
DA:158,0
DA:161,0
DA:163,0
DA:164,0
LF:73
LH:1
end_of_record
SF:lib/features/auth/pages/pin_setup_page.dart
DA:7,10
DA:9,0
DA:10,0
DA:19,0
DA:21,0
DA:22,0
DA:23,0
DA:26,0
DA:27,0
DA:28,0
DA:30,0
DA:31,0
DA:37,0
DA:38,0
DA:44,0
DA:46,0
DA:47,0
DA:50,0
DA:54,0
DA:56,0
DA:58,0
DA:61,0
DA:63,0
DA:69,0
DA:71,0
DA:73,0
DA:75,0
DA:76,0
DA:78,0
DA:85,0
DA:87,0
DA:90,0
DA:96,0
DA:97,0
DA:98,0
DA:101,0
DA:104,0
DA:106,0
DA:107,0
DA:109,0
DA:110,0
DA:111,0
DA:113,0
DA:114,0
DA:115,0
DA:124,0
DA:125,0
DA:126,0
DA:129,0
DA:132,0
DA:134,0
DA:135,0
DA:137,0
DA:138,0
DA:139,0
DA:141,0
DA:142,0
DA:143,0
DA:152,0
DA:154,0
DA:155,0
DA:156,0
DA:160,0
DA:161,0
DA:164,0
DA:166,0
LF:66
LH:1
end_of_record
SF:lib/services/local_auth_service.dart
DA:7,0
DA:8,0
DA:9,0
DA:16,0
DA:18,0
DA:25,0
DA:27,0
DA:34,0
DA:36,0
DA:38,0
DA:43,0
DA:44,0
DA:45,0
DA:49,0
DA:50,0
DA:51,0
DA:55,0
DA:56,0
DA:57,0
DA:61,0
DA:62,0
DA:63,0
DA:64,0
DA:65,0
DA:69,0
DA:70,0
DA:71,0
DA:75,0
DA:76,0
DA:77,0
DA:81,0
DA:82,0
DA:83,0
DA:87,0
DA:91,0
DA:106,0
DA:112,0
DA:113,0
DA:116,0
DA:121,0
DA:122,0
DA:123,0
DA:125,0
DA:129,0
DA:139,0
DA:141,0
DA:145,0
DA:147,0
DA:148,0
DA:159,0
LF:50
LH:0
end_of_record
SF:lib/features/auth/cubit/auth_state.dart
DA:5,12
DA:7,1
DA:8,1
DA:18,1
DA:20,1
DA:21,2
DA:29,11
DA:31,0
DA:32,0
DA:38,1
DA:40,1
DA:41,2
DA:47,0
DA:49,0
DA:50,0
LF:15
LH:10
end_of_record
SF:lib/features/thoughts/models/thought.dart
DA:13,2
DA:23,0
DA:24,0
DA:25,0
DA:26,0
DA:27,0
DA:28,0
DA:29,0
DA:30,0
DA:31,0
DA:32,0
DA:36,0
DA:37,0
DA:38,0
DA:39,0
DA:40,0
DA:41,0
DA:42,0
DA:43,0
DA:47,1
DA:56,1
DA:57,1
DA:58,1
DA:59,1
DA:60,1
DA:61,1
DA:62,1
DA:63,1
DA:67,1
DA:68,1
DA:69,1
DA:70,1
DA:71,1
DA:72,1
DA:73,1
DA:74,1
DA:75,1
LF:37
LH:19
end_of_record
SF:lib/features/thoughts/widgets/expandable_ai_reflection.dart
DA:11,1
DA:19,1
DA:20,1
DA:27,1
DA:28,1
DA:30,4
DA:31,4
DA:32,2
DA:34,1
DA:35,3
DA:36,1
DA:37,2
DA:38,1
DA:41,1
DA:43,0
DA:45,0
DA:55,0
DA:71,0
DA:73,1
DA:76,1
DA:78,4
DA:79,1
DA:81,1
DA:83,1
DA:85,1
DA:87,1
DA:89,1
DA:90,1
DA:91,1
DA:92,1
DA:95,1
DA:98,1
DA:99,4
DA:100,1
DA:103,1
DA:110,0
DA:111,0
DA:113,0
DA:116,0
DA:117,0
DA:118,0
DA:121,0
DA:122,0
DA:124,0
DA:126,0
DA:127,0
DA:130,0
DA:133,0
DA:135,0
DA:149,1
DA:151,1
DA:154,1
DA:155,1
DA:156,1
DA:158,1
DA:159,1
DA:160,1
DA:161,1
DA:162,1
DA:166,1
DA:168,1
DA:170,1
DA:173,1
DA:175,1
DA:176,1
DA:177,1
DA:178,2
DA:179,1
DA:183,1
DA:189,2
DA:190,1
DA:191,1
DA:193,1
DA:194,1
DA:195,0
DA:196,1
DA:197,1
DA:199,1
DA:202,1
DA:210,1
DA:212,1
DA:213,1
DA:214,1
DA:215,2
DA:216,1
DA:220,1
DA:226,1
DA:228,1
DA:229,1
DA:230,0
DA:231,1
DA:232,1
DA:234,1
DA:237,1
DA:255,1
DA:257,1
DA:258,1
DA:259,2
DA:260,1
DA:271,6
DA:272,1
LF:101
LH:81
end_of_record
SF:lib/features/thoughts/services/encryption_service.dart
DA:8,3
DA:9,2
DA:10,1
DA:15,1
DA:16,1
DA:19,3
DA:20,3
DA:21,2
DA:22,3
DA:23,1
DA:26,1
DA:27,1
DA:28,2
DA:29,1
DA:30,1
DA:31,1
DA:35,0
DA:36,0
DA:37,0
DA:38,0
LF:20
LH:16
end_of_record
SF:lib/features/drawer/widgets/app_drawer.dart
DA:13,1
DA:15,1
DA:17,1
DA:18,1
DA:19,1
DA:20,1
DA:21,1
DA:23,1
DA:24,1
DA:25,1
DA:35,1
DA:36,1
DA:38,1
DA:39,1
DA:42,1
DA:46,0
DA:49,1
DA:52,0
DA:53,0
DA:54,0
DA:56,0
DA:57,0
DA:63,1
DA:66,0
DA:67,0
DA:68,0
DA:70,0
DA:71,0
DA:77,1
DA:80,0
DA:81,0
DA:82,0
DA:84,0
DA:85,0
DA:86,0
DA:94,1
DA:97,0
DA:98,0
DA:99,0
DA:101,0
DA:102,0
DA:114,1
DA:115,0
DA:116,0
DA:117,0
DA:119,0
DA:120,0
DA:121,0
DA:123,0
DA:126,0
DA:127,0
DA:129,0
DA:138,0
DA:139,0
DA:140,0
DA:141,0
DA:143,0
DA:146,0
DA:164,1
DA:170,1
DA:172,1
DA:173,1
DA:176,1
DA:178,1
DA:180,1
DA:182,1
DA:184,1
DA:187,1
LF:68
LH:30
end_of_record
SF:lib/features/tasks/pages/tasks_page.dart
DA:11,10
DA:13,1
DA:16,3
DA:17,2
DA:20,1
DA:21,1
DA:22,1
DA:25,1
DA:27,1
DA:33,1
DA:35,1
DA:36,0
DA:37,0
DA:38,0
DA:39,0
DA:40,0
DA:41,0
DA:42,0
DA:47,0
DA:49,0
DA:50,0
DA:56,1
DA:57,1
DA:58,1
DA:59,1
DA:62,1
DA:67,1
DA:68,1
DA:69,1
DA:71,1
DA:72,1
DA:74,1
DA:77,1
DA:81,1
DA:83,1
DA:85,1
DA:89,1
DA:90,0
DA:91,1
DA:92,1
DA:94,1
DA:95,1
DA:99,1
DA:101,1
DA:109,1
DA:110,2
DA:111,1
DA:112,1
DA:114,1
DA:116,1
DA:117,1
DA:119,1
DA:122,1
DA:126,1
DA:129,1
DA:131,1
DA:142,1
DA:144,2
DA:145,1
DA:146,3
DA:147,2
DA:150,1
DA:152,1
DA:154,3
DA:155,1
DA:156,1
DA:159,4
DA:160,4
DA:162,1
DA:164,1
DA:166,1
DA:167,1
DA:168,1
DA:169,1
DA:175,1
DA:177,1
DA:179,1
DA:181,1
DA:182,1
DA:183,1
DA:184,1
DA:186,1
DA:189,1
DA:194,1
DA:196,1
DA:197,1
DA:198,1
DA:200,1
DA:201,2
DA:202,1
DA:205,1
DA:214,2
DA:216,1
DA:218,1
DA:220,1
DA:222,3
DA:224,0
DA:225,0
DA:226,0
DA:227,0
DA:231,2
DA:232,1
DA:233,1
DA:237,1
DA:239,1
DA:242,1
DA:245,1
DA:246,3
DA:248,0
DA:249,0
DA:250,0
DA:251,0
LF:112
LH:93
end_of_record
SF:lib/features/moods/pages/mood_tracker_page.dart
DA:11,10
DA:13,1
DA:16,3
DA:17,2
DA:20,1
DA:22,1
DA:25,1
DA:27,1
DA:33,1
DA:35,1
DA:36,0
DA:37,0
DA:38,0
DA:39,0
DA:40,0
DA:41,0
DA:42,0
DA:47,0
DA:49,0
DA:50,0
DA:56,1
DA:57,1
DA:58,1
DA:59,1
DA:66,1
DA:67,2
DA:68,1
DA:69,1
DA:71,1
DA:72,1
DA:74,1
DA:77,1
DA:79,1
DA:82,1
DA:86,1
DA:89,1
DA:92,1
DA:100,3
DA:102,1
DA:103,1
DA:104,1
DA:106,1
DA:107,1
DA:109,1
DA:110,1
DA:111,1
DA:113,1
DA:120,1
DA:121,2
DA:122,1
DA:127,1
DA:128,1
DA:129,1
DA:130,1
DA:131,1
DA:132,1
DA:135,0
DA:136,0
DA:138,0
DA:139,0
DA:140,0
DA:141,0
DA:142,0
DA:143,0
DA:147,0
DA:148,0
DA:164,0
LF:67
LH:46
end_of_record
SF:lib/features/settings/pages/settings_page.dart
DA:9,10
DA:11,0
DA:12,0
DA:20,0
DA:22,0
DA:23,0
DA:26,0
DA:28,0
DA:29,0
DA:30,0
DA:31,0
DA:32,0
DA:33,0
DA:36,0
DA:37,0
DA:42,0
DA:44,0
DA:45,0
DA:46,0
DA:50,0
DA:53,0
DA:54,0
DA:55,0
DA:59,0
DA:64,0
DA:66,0
DA:67,0
DA:72,0
DA:73,0
DA:74,0
DA:76,0
DA:81,0
DA:83,0
DA:84,0
DA:91,0
DA:94,0
DA:95,0
DA:96,0
DA:97,0
DA:101,0
DA:103,0
DA:104,0
DA:105,0
DA:108,0
DA:109,0
DA:110,0
DA:112,0
DA:117,0
DA:119,0
DA:120,0
DA:126,0
DA:127,0
DA:128,0
DA:130,0
DA:135,0
DA:137,0
DA:138,0
DA:145,0
DA:146,0
DA:147,0
DA:148,0
DA:149,0
DA:151,0
DA:157,0
DA:159,0
DA:162,0
DA:165,0
DA:166,0
DA:167,0
DA:168,0
DA:170,0
DA:173,0
DA:177,0
DA:178,0
DA:179,0
DA:180,0
DA:182,0
DA:184,0
DA:187,0
DA:195,0
DA:196,0
DA:198,0
DA:199,0
DA:204,0
DA:206,0
DA:208,0
DA:211,0
DA:213,0
DA:219,0
DA:221,0
DA:223,0
DA:225,0
DA:227,0
DA:228,0
DA:230,0
DA:237,0
DA:239,0
DA:240,0
DA:241,0
DA:242,0
DA:244,0
DA:245,0
DA:246,0
DA:247,0
DA:249,0
DA:250,0
DA:252,0
DA:259,0
DA:261,0
DA:264,0
DA:270,0
DA:271,0
DA:272,0
DA:281,0
DA:283,0
DA:290,0
DA:292,0
DA:293,0
DA:294,0
DA:295,0
DA:297,0
DA:298,0
DA:299,0
DA:300,0
DA:301,0
DA:302,0
DA:304,0
DA:305,0
DA:307,0
DA:314,0
DA:316,0
DA:319,0
DA:325,0
DA:326,0
DA:327,0
DA:332,0
DA:334,0
DA:335,0
DA:336,0
DA:337,0
DA:338,0
DA:339,0
DA:341,0
DA:342,0
DA:358,0
DA:360,0
DA:367,0
DA:369,0
DA:370,0
DA:371,0
DA:372,0
DA:374,0
DA:375,0
DA:376,0
DA:377,0
DA:379,0
DA:380,0
DA:382,0
DA:385,0
DA:389,0
DA:391,0
DA:394,0
DA:400,0
DA:401,0
DA:402,0
DA:404,0
LF:166
LH:1
end_of_record
SF:lib/features/export/pages/export_page.dart
DA:9,10
DA:11,1
DA:12,1
DA:19,0
DA:20,0
DA:21,0
DA:22,0
DA:25,0
DA:28,1
DA:29,1
DA:30,1
DA:32,2
DA:33,1
DA:34,1
DA:35,2
DA:37,1
DA:39,1
DA:46,1
DA:48,1
DA:50,1
DA:51,1
DA:52,0
DA:53,1
DA:55,1
DA:66,1
DA:67,3
DA:68,1
DA:69,1
DA:71,1
DA:76,1
DA:78,1
DA:79,1
DA:85,1
DA:87,1
DA:89,1
DA:92,1
DA:94,1
DA:100,1
DA:102,1
DA:103,1
DA:104,1
DA:105,1
DA:106,1
DA:107,2
DA:110,1
DA:112,1
DA:114,1
DA:115,1
DA:117,1
DA:118,1
DA:119,1
DA:120,2
DA:122,1
DA:124,1
DA:125,1
DA:126,1
DA:127,2
DA:129,1
DA:131,1
DA:134,1
DA:140,1
DA:142,1
DA:145,1
DA:149,1
DA:150,3
DA:152,1
DA:154,1
DA:157,1
DA:161,1
DA:162,1
DA:164,1
DA:167,1
DA:176,1
DA:178,1
DA:185,1
DA:186,1
DA:187,1
DA:188,1
DA:190,1
DA:192,1
DA:194,1
DA:195,1
DA:196,2
DA:198,1
DA:199,1
DA:202,1
DA:203,0
DA:204,0
DA:205,0
DA:208,1
DA:209,1
DA:210,1
DA:214,1
DA:219,1
DA:220,1
DA:221,1
DA:223,1
DA:225,1
DA:226,1
DA:227,1
DA:231,1
DA:232,1
DA:236,1
DA:240,1
DA:242,1
DA:260,1
DA:262,2
DA:263,1
LF:108
LH:99
end_of_record
SF:lib/features/export/cubit/export_cubit.dart
DA:14,0
DA:18,0
DA:19,0
DA:20,0
DA:21,0
DA:23,0
DA:25,0
DA:27,0
DA:29,0
DA:34,0
DA:37,0
DA:38,0
DA:39,0
DA:40,0
DA:41,0
DA:43,0
DA:44,0
DA:45,0
DA:46,0
DA:47,0
DA:50,0
DA:51,0
DA:52,0
DA:53,0
DA:54,0
DA:57,0
DA:58,0
DA:59,0
DA:60,0
DA:64,0
DA:65,0
DA:66,0
DA:67,0
DA:68,0
DA:69,0
DA:73,0
DA:76,0
DA:79,0
DA:82,0
DA:85,0
DA:87,0
DA:89,0
DA:93,0
DA:94,0
DA:95,0
DA:96,0
DA:98,0
DA:99,0
DA:105,0
DA:106,0
DA:107,0
DA:108,0
DA:112,0
DA:114,0
DA:115,0
DA:116,0
DA:118,0
DA:121,0
DA:122,0
DA:127,0
DA:128,0
DA:129,0
DA:130,0
DA:132,0
DA:136,0
DA:139,0
DA:140,0
DA:142,0
DA:143,0
DA:144,0
DA:145,0
DA:146,0
DA:148,0
DA:155,0
DA:179,0
DA:184,0
DA:185,0
DA:186,0
DA:188,0
DA:189,0
DA:190,0
LF:81
LH:0
end_of_record
SF:lib/features/export/cubit/export_state.dart
DA:4,10
DA:6,0
DA:7,0
DA:11,10
DA:15,10
DA:19,10
DA:25,10
DA:27,0
DA:28,0
LF:9
LH:5
end_of_record
SF:lib/features/moods/cubit/mood_cubit.dart
DA:11,1
DA:14,0
DA:15,0
DA:16,1
DA:18,1
DA:20,1
DA:22,2
DA:24,0
DA:28,1
DA:29,1
DA:30,2
DA:31,1
DA:32,1
DA:34,1
DA:35,3
DA:36,1
DA:38,2
DA:40,0
DA:44,0
DA:46,0
DA:49,0
DA:50,0
DA:51,0
DA:53,0
DA:54,0
DA:55,0
DA:56,0
DA:57,0
DA:58,0
DA:59,0
DA:61,0
DA:67,1
DA:69,1
DA:71,2
DA:73,0
DA:77,1
DA:78,4
DA:79,1
DA:82,1
DA:83,1
DA:84,2
DA:85,2
DA:86,2
DA:87,1
DA:90,2
DA:91,1
DA:92,0
DA:96,4
DA:97,1
DA:101,1
DA:104,1
DA:105,3
DA:106,1
DA:109,1
DA:111,2
DA:114,1
DA:116,0
DA:121,0
DA:122,0
DA:124,0
DA:125,0
DA:126,0
LF:62
LH:37
end_of_record
SF:lib/features/moods/models/mood.dart
DA:11,3
DA:18,1
DA:19,1
DA:20,1
DA:21,1
DA:22,1
DA:23,2
DA:24,1
DA:28,1
DA:29,1
DA:30,1
DA:31,2
DA:32,1
DA:37,1
DA:38,1
DA:39,1
DA:41,1
DA:43,1
DA:45,1
DA:47,1
DA:55,1
DA:56,1
DA:57,1
DA:59,1
DA:61,1
DA:63,1
DA:65,1
DA:73,1
DA:74,1
DA:75,1
DA:76,1
DA:77,0
DA:78,0
DA:79,0
DA:80,0
DA:81,0
DA:82,0
DA:83,0
DA:84,0
DA:86,0
DA:90,2
DA:91,10
LF:42
LH:33
end_of_record
SF:lib/features/moods/cubit/mood_state.dart
DA:5,13
DA:7,1
DA:8,1
DA:12,10
DA:16,11
DA:22,3
DA:24,1
DA:25,2
DA:31,9
DA:33,0
DA:34,0
DA:38,10
DA:44,1
DA:46,1
DA:47,2
LF:15
LH:13
end_of_record
SF:lib/services/notification_service.dart
DA:8,0
DA:9,0
DA:10,0
DA:15,0
DA:27,0
DA:33,0
DA:37,0
DA:41,0
DA:42,0
DA:44,0
DA:48,0
DA:50,0
DA:55,0
DA:56,0
DA:57,0
DA:60,0
DA:61,0
DA:62,0
DA:65,0
DA:66,0
DA:69,0
DA:74,0
DA:77,0
DA:78,0
DA:81,0
DA:100,0
DA:108,0
DA:115,0
DA:116,0
DA:119,0
DA:120,0
DA:124,0
DA:125,0
DA:127,0
DA:130,0
DA:137,0
DA:138,0
DA:140,0
DA:143,0
LF:39
LH:0
end_of_record
SF:lib/features/tasks/cubit/tasks_cubit.dart
DA:12,1
DA:15,0
DA:16,0
DA:17,1
DA:19,1
DA:21,1
DA:23,2
DA:25,0
DA:29,1
DA:30,1
DA:31,2
DA:32,1
DA:33,1
DA:35,1
DA:36,3
DA:37,1
DA:39,2
DA:41,0
DA:45,0
DA:51,0
DA:53,0
DA:58,0
DA:60,0
DA:64,0
DA:65,0
DA:67,0
DA:68,0
DA:69,0
DA:71,0
DA:72,0
DA:76,0
DA:81,0
DA:82,0
DA:83,0
DA:87,0
DA:90,0
DA:92,0
DA:97,0
DA:98,0
DA:99,0
DA:102,0
DA:103,0
DA:106,0
DA:109,0
DA:110,0
DA:111,0
DA:114,0
DA:115,0
DA:116,0
DA:117,0
DA:128,0
DA:130,0
DA:132,0
DA:137,0
DA:138,0
DA:141,0
DA:142,0
DA:143,0
DA:148,0
DA:149,0
DA:150,0
DA:151,0
DA:152,0
DA:154,0
DA:157,0
DA:161,0
DA:162,0
DA:163,0
DA:164,0
DA:167,0
DA:168,0
DA:169,0
DA:172,0
DA:176,1
DA:178,2
DA:180,0
DA:185,1
DA:186,1
DA:189,5
DA:190,2
DA:191,0
DA:196,2
DA:197,1
DA:198,1
DA:201,2
DA:205,4
DA:208,0
DA:209,0
DA:210,0
DA:213,0
DA:217,0
DA:219,0
DA:221,0
DA:226,0
DA:227,0
DA:230,0
DA:231,0
DA:232,0
DA:236,0
DA:237,0
DA:240,0
DA:241,0
DA:245,0
DA:248,0
DA:251,0
DA:253,0
DA:256,0
DA:259,0
DA:261,0
DA:267,0
DA:268,0
DA:269,0
DA:270,0
DA:273,0
DA:274,0
DA:275,0
DA:278,0
DA:282,0
DA:284,0
DA:286,0
DA:291,0
DA:292,0
DA:295,0
DA:296,0
DA:297,0
DA:301,0
DA:302,0
DA:305,0
DA:306,0
DA:310,0
DA:311,0
DA:312,0
DA:313,0
DA:314,0
DA:315,0
DA:316,0
DA:317,0
DA:318,0
DA:319,0
DA:323,0
DA:326,0
DA:330,0
DA:331,0
DA:332,0
DA:333,0
DA:336,0
DA:337,0
DA:338,0
DA:341,0
LF:149
LH:25
end_of_record
SF:lib/features/tasks/cubit/tasks_state.dart
DA:5,13
DA:7,1
DA:8,1
DA:12,10
DA:16,11
DA:22,3
DA:24,1
DA:25,2
DA:31,10
DA:33,0
DA:34,0
LF:11
LH:9
end_of_record
